  main.cpp
C:\Program Files\Microsoft Visual Studio\2022\Community\VC\Tools\MSVC\14.37.32822\include\ranges(12): warning STL4038: The contents of <ranges> are available only with C++20 or later.
C:\Users\soder\source\repos\pezzeb\AdventOfCode2023\day3v2\main.cpp(90,21): warning C4267: '=': conversion from 'size_t' to 'long', possible loss of data
C:\Users\soder\source\repos\pezzeb\AdventOfCode2023\day3v2\main.cpp(91,24): warning C4267: '=': conversion from 'size_t' to 'long', possible loss of data
C:\Users\soder\source\repos\pezzeb\AdventOfCode2023\day3v2\main.cpp(155,31): warning C4267: 'argument': conversion from 'size_t' to 'long', possible loss of data
C:\Program Files\Microsoft Visual Studio\2022\Community\VC\Tools\MSVC\14.37.32822\include\tuple(144,47): warning C4267: 'initializing': conversion from 'size_t' to '_Ty', possible loss of data
          with
          [
              _Ty=long
          ]
C:\Program Files\Microsoft Visual Studio\2022\Community\VC\Tools\MSVC\14.37.32822\include\tuple(317,102): message : see reference to function template instantiation 'std::_Tuple_val<_This>::_Tuple_val<size_t&>(_Other)' being compiled
          with
          [
              _This=long,
              _Other=size_t &
          ]
C:\Program Files\Microsoft Visual Studio\2022\Community\VC\Tools\MSVC\14.37.32822\include\tuple(363,16): message : see reference to function template instantiation 'std::tuple<long,long>::tuple<std::_Exact_args_t,size_t&,size_t&,0>(_Tag,_This2,size_t &)' being compiled
          with
          [
              _Tag=std::_Exact_args_t,
              _This2=size_t &
          ]
C:\Users\soder\source\repos\pezzeb\AdventOfCode2023\day3v2\main.cpp(177,86): message : see reference to function template instantiation 'std::tuple<long,long>::tuple<size_t&,size_t&,0>(_This2,size_t &) noexcept' being compiled
          with
          [
              _This2=size_t &
          ]
C:\Users\soder\source\repos\pezzeb\AdventOfCode2023\day3v2\main.cpp(177,21): message : see the first reference to 'std::tuple<long,long>::tuple' in 'PlayingField::findAllPossiblePoints'
  Generating code
  1 of 607 functions ( 0.2%) were compiled, the rest were copied from previous compilation.
    0 functions were new in current compilation
    0 functions had inline decision re-evaluated but remain unchanged
  Finished generating code
  day3v2.vcxproj -> C:\Users\soder\source\repos\pezzeb\AdventOfCode2023\x64\Release\day3v2.exe
